0 info it worked if it ends with ok
1 verbose cli [ '/home/david/.nvm/versions/node/v5.10.1/bin/node',
1 verbose cli   '/home/david/.nvm/versions/node/v5.10.1/bin/npm',
1 verbose cli   'run-script',
1 verbose cli   'lint:watch' ]
2 info using npm@3.10.6
3 info using node@v5.10.1
4 verbose run-script [ 'prelint:watch', 'lint:watch', 'postlint:watch' ]
5 info lifecycle news-project@1.0.0~prelint:watch: news-project@1.0.0
6 silly lifecycle news-project@1.0.0~prelint:watch: no script for prelint:watch, continuing
7 info lifecycle news-project@1.0.0~lint:watch: news-project@1.0.0
8 verbose lifecycle news-project@1.0.0~lint:watch: unsafe-perm in lifecycle true
9 verbose lifecycle news-project@1.0.0~lint:watch: PATH: /home/david/.nvm/versions/node/v5.10.1/lib/node_modules/npm/bin/node-gyp-bin:/home/david/Code/news-project-React/node_modules/.bin:/home/david/.nvm/versions/node/v5.10.1/lib/node_modules/npm/bin/node-gyp-bin:/home/david/Code/news-project-React/node_modules/.bin:/usr/local/heroku/bin:/home/david/.nvm/versions/node/v5.10.1/bin:/usr/local/sbin:/usr/local/bin:/usr/sbin:/usr/bin:/sbin:/bin:/usr/games:/usr/local/games:/snap/bin
10 verbose lifecycle news-project@1.0.0~lint:watch: CWD: /home/david/Code/news-project-React
11 silly lifecycle news-project@1.0.0~lint:watch: Args: [ '-c', 'npm run lint -- --watch' ]
12 silly lifecycle news-project@1.0.0~lint:watch: Returned: code: 1  signal: null
13 info lifecycle news-project@1.0.0~lint:watch: Failed to exec lint:watch script
14 verbose stack Error: news-project@1.0.0 lint:watch: `npm run lint -- --watch`
14 verbose stack Exit status 1
14 verbose stack     at EventEmitter.<anonymous> (/home/david/.nvm/versions/node/v5.10.1/lib/node_modules/npm/lib/utils/lifecycle.js:255:16)
14 verbose stack     at emitTwo (events.js:100:13)
14 verbose stack     at EventEmitter.emit (events.js:185:7)
14 verbose stack     at ChildProcess.<anonymous> (/home/david/.nvm/versions/node/v5.10.1/lib/node_modules/npm/lib/utils/spawn.js:40:14)
14 verbose stack     at emitTwo (events.js:100:13)
14 verbose stack     at ChildProcess.emit (events.js:185:7)
14 verbose stack     at maybeClose (internal/child_process.js:850:16)
14 verbose stack     at Process.ChildProcess._handle.onexit (internal/child_process.js:215:5)
15 verbose pkgid news-project@1.0.0
16 verbose cwd /home/david/Code/news-project-React
17 error Linux 4.4.0-34-generic
18 error argv "/home/david/.nvm/versions/node/v5.10.1/bin/node" "/home/david/.nvm/versions/node/v5.10.1/bin/npm" "run-script" "lint:watch"
19 error node v5.10.1
20 error npm  v3.10.6
21 error code ELIFECYCLE
22 error news-project@1.0.0 lint:watch: `npm run lint -- --watch`
22 error Exit status 1
23 error Failed at the news-project@1.0.0 lint:watch script 'npm run lint -- --watch'.
23 error Make sure you have the latest version of node.js and npm installed.
23 error If you do, this is most likely a problem with the news-project package,
23 error not with npm itself.
23 error Tell the author that this fails on your system:
23 error     npm run lint -- --watch
23 error You can get information on how to open an issue for this project with:
23 error     npm bugs news-project
23 error Or if that isn't available, you can get their info via:
23 error     npm owner ls news-project
23 error There is likely additional logging output above.
24 verbose exit [ 1, true ]
